 
****************************************
Report : timing
        -path full
        -delay max
        -max_paths 1
Design : pwr_ctrl_top_N4_W16
Version: W-2024.09-SP5-5
Date   : Thu Apr 23 00:51:38 2026
****************************************

Operating Conditions: tt0p8v25c   Library: N16ADFP_StdCelltt0p8v25c_ccs
Wire Load Model Mode: segmented

  Startpoint: u_clock_gater/enable_latched_reg[0]
              (negative level-sensitive latch clocked by clk)
  Endpoint: u_clock_gater/U7
            (gating element for clock clk')
  Path Group: clk
  Path Type: max

  Des/Clust/Port     Wire Load Model       Library
  ------------------------------------------------
  SNPS_CLOCK_GATE_HIGH_activity_counter_N4_W16_3
                     ZeroWireload          N16ADFP_StdCelltt0p8v25c_ccs
  SNPS_CLOCK_GATE_HIGH_activity_counter_N4_W16_2
                     ZeroWireload          N16ADFP_StdCelltt0p8v25c_ccs
  SNPS_CLOCK_GATE_HIGH_activity_counter_N4_W16_1
                     ZeroWireload          N16ADFP_StdCelltt0p8v25c_ccs
  SNPS_CLOCK_GATE_HIGH_activity_counter_N4_W16_0
                     ZeroWireload          N16ADFP_StdCelltt0p8v25c_ccs
  SNPS_CLOCK_GATE_HIGH_cfg_regs_N4_W16_8
                     ZeroWireload          N16ADFP_StdCelltt0p8v25c_ccs
  SNPS_CLOCK_GATE_HIGH_cfg_regs_N4_W16_7
                     ZeroWireload          N16ADFP_StdCelltt0p8v25c_ccs
  SNPS_CLOCK_GATE_HIGH_cfg_regs_N4_W16_6
                     ZeroWireload          N16ADFP_StdCelltt0p8v25c_ccs
  SNPS_CLOCK_GATE_HIGH_cfg_regs_N4_W16_5
                     ZeroWireload          N16ADFP_StdCelltt0p8v25c_ccs
  SNPS_CLOCK_GATE_HIGH_cfg_regs_N4_W16_4
                     ZeroWireload          N16ADFP_StdCelltt0p8v25c_ccs
  SNPS_CLOCK_GATE_HIGH_cfg_regs_N4_W16_3
                     ZeroWireload          N16ADFP_StdCelltt0p8v25c_ccs
  SNPS_CLOCK_GATE_HIGH_cfg_regs_N4_W16_2
                     ZeroWireload          N16ADFP_StdCelltt0p8v25c_ccs
  SNPS_CLOCK_GATE_HIGH_cfg_regs_N4_W16_1
                     ZeroWireload          N16ADFP_StdCelltt0p8v25c_ccs
  SNPS_CLOCK_GATE_HIGH_cfg_regs_N4_W16_0
                     ZeroWireload          N16ADFP_StdCelltt0p8v25c_ccs
  power_fsm_N4       ZeroWireload          N16ADFP_StdCelltt0p8v25c_ccs
  idle_predictor_N4_W16
                     ZeroWireload          N16ADFP_StdCelltt0p8v25c_ccs
  activity_counter_N4_W16
                     ZeroWireload          N16ADFP_StdCelltt0p8v25c_ccs
  cfg_regs_N4_W16    ZeroWireload          N16ADFP_StdCelltt0p8v25c_ccs
  clock_gater_N4     ZeroWireload          N16ADFP_StdCelltt0p8v25c_ccs
  pwr_ctrl_top_N4_W16
                     ZeroWireload          N16ADFP_StdCelltt0p8v25c_ccs

  Point                                                   Incr       Path
  --------------------------------------------------------------------------
  clock clk (fall edge)                                   2.50       2.50
  clock network delay (ideal)                             0.23       2.73
  u_clock_gater/enable_latched_reg[0]/EN (LNQD1BWP20P90)
                                                          0.00       2.73 f
  u_clock_gater/enable_latched_reg[0]/Q (LNQD1BWP20P90)
                                                          0.07       2.80 f
  u_clock_gater/U7/A2 (NR2D1BWP20P90)                     0.00       2.80 f
  data arrival time                                                  2.80

  clock clk' (fall edge)                                  5.00       5.00
  clock network delay (ideal)                             0.23       5.23
  clock uncertainty                                      -0.10       5.13
  u_clock_gater/U7/A1 (NR2D1BWP20P90)                     0.00       5.13 f
  clock gating setup time                                -0.15       4.98
  data required time                                                 4.98
  --------------------------------------------------------------------------
  data required time                                                 4.98
  data arrival time                                                 -2.80
  --------------------------------------------------------------------------
  slack (MET)                                                        2.18


1
