 
****************************************
Report : qor
Design : pwr_ctrl_top_N4_W16
Version: W-2024.09-SP5-5
Date   : Thu Apr 23 00:51:38 2026
****************************************


  Timing Path Group 'clk'
  -----------------------------------
  Levels of Logic:               0.00
  Critical Path Length:          0.07
  Critical Path Slack:           2.18
  Critical Path Clk Period:      5.00
  Total Negative Slack:          0.00
  No. of Violating Paths:        0.00
  Worst Hold Violation:          0.00
  Total Hold Violation:          0.00
  No. of Hold Violations:        0.00
  -----------------------------------


  Cell Count
  -----------------------------------
  Hierarchical Cell Count:         18
  Hierarchical Port Count:        469
  Leaf Cell Count:               1294
  Buf/Inv Cell Count:             194
  Buf Cell Count:                  15
  Inv Cell Count:                 179
  CT Buf/Inv Cell Count:            1
  Combinational Cell Count:      1077
  Sequential Cell Count:          217
  Macro Count:                      0
  -----------------------------------


  Area
  -----------------------------------
  Combinational Area:      319.697287
  Noncombinational Area:   244.995849
  Buf/Inv Area:             30.948481
  Total Buffer Area:             3.11
  Total Inverter Area:          27.84
  Macro/Black Box Area:      0.000000
  Net Area:                  0.000000
  -----------------------------------
  Cell Area:               564.693135
  Design Area:             564.693135


  Design Rules
  -----------------------------------
  Total Number of Nets:          1371
  Nets With Violations:             0
  Max Trans Violations:             0
  Max Cap Violations:               0
  -----------------------------------


  Hostname: ecs02.poly.edu

  Compile CPU Statistics
  -----------------------------------------
  Resource Sharing:                    0.01
  Logic Optimization:                 20.21
  Mapping Optimization:               42.85
  -----------------------------------------
  Overall Compile Time:              144.20
  Overall Compile Wall Clock Time:   150.65

  --------------------------------------------------------------------

  Design  WNS: 0.00  TNS: 0.00  Number of Violating Paths: 0


  Design (Hold)  WNS: 0.00  TNS: 0.00  Number of Violating Paths: 0

  --------------------------------------------------------------------


1
