****************************************
Report : timing
	-path_type full
	-delay_type min
	-max_paths 1
	-sort_by slack
Design : pwr_ctrl_top_N4_W16
Version: T-2022.03-SP5-1
Date   : Fri Apr 24 23:16:13 2026
****************************************


  Startpoint: u_idle_predictor/sleep_eligible_reg[1]
               (rising edge-triggered flip-flop clocked by clk)
  Endpoint: u_power_fsm/state_reg[1][0]
               (rising edge-triggered flip-flop clocked by clk)
  Path Group: clk
  Path Type: min

  Point                                                   Incr       Path
  ------------------------------------------------------------------------------
  clock clk (rise edge)                                   0.00       0.00
  clock network delay (ideal)                             0.23       0.23
  u_idle_predictor/sleep_eligible_reg[1]/CP (DFCNQD1BWP20P90)
                                                          0.00       0.23 r
  u_idle_predictor/sleep_eligible_reg[1]/Q (DFCNQD1BWP20P90)
                                                          0.05 &     0.28 f
  u_power_fsm/U4/ZN (IINR4D1BWP20P90)                     0.01 &     0.29 f
  u_power_fsm/state_reg[1][0]/D (DFCNQD2BWP16P90)         0.00 &     0.29 f
  data arrival time                                                  0.29

  clock clk (rise edge)                                   0.00       0.00
  clock network delay (ideal)                             0.23       0.23
  clock reconvergence pessimism                           0.00       0.23
  clock uncertainty                                       0.05       0.28
  u_power_fsm/state_reg[1][0]/CP (DFCNQD2BWP16P90)                   0.28 r
  library hold time                                       0.01       0.29
  data required time                                                 0.29
  ------------------------------------------------------------------------------
  data required time                                                 0.29
  data arrival time                                                 -0.29
  ------------------------------------------------------------------------------
  slack (MET)                                                        0.00


1
