****************************************
Report : timing
	-path_type full
	-delay_type min
	-nworst 3
	-slack_lesser_than 0.00
	-max_paths 10
	-sort_by slack
Design : pwr_ctrl_top_N4_W16
Version: T-2022.03-SP5-1
Date   : Fri Apr 24 19:18:11 2026
****************************************


  Startpoint: u_activity_counter/idle_counter_reg[1][1]
               (rising edge-triggered flip-flop clocked by clk)
  Endpoint: u_activity_counter/idle_counter_reg[1][1]
               (rising edge-triggered flip-flop clocked by clk)
  Path Group: clk
  Path Type: min

  Point                                                   Incr       Path
  ------------------------------------------------------------------------------
  clock clk (rise edge)                                   0.00       0.00
  clock network delay (ideal)                             0.23       0.23
  u_activity_counter/idle_counter_reg[1][1]/CP (DFCNQD1BWP20P90)
                                                          0.00       0.23 r
  u_activity_counter/idle_counter_reg[1][1]/Q (DFCNQD1BWP20P90)
                                                          0.05 &     0.28 r
  u_activity_counter/U51/ZN (OAI21D1BWP20P90)             0.01 &     0.29 f
  u_activity_counter/idle_counter_reg[1][1]/D (DFCNQD1BWP20P90)
                                                          0.00 &     0.29 f
  data arrival time                                                  0.29

  clock clk (rise edge)                                   0.00       0.00
  clock network delay (ideal)                             0.23       0.23
  clock reconvergence pessimism                           0.00       0.23
  clock uncertainty                                       0.05       0.28
  u_activity_counter/idle_counter_reg[1][1]/CP (DFCNQD1BWP20P90)     0.28 r
  library hold time                                       0.01       0.29
  data required time                                                 0.29
  ------------------------------------------------------------------------------
  data required time                                                 0.29
  data arrival time                                                 -0.29
  ------------------------------------------------------------------------------
  slack (VIOLATED: increase significant digits)                     -0.00


  Startpoint: u_activity_counter/activity_timer_reg[0][2]
               (rising edge-triggered flip-flop clocked by clk)
  Endpoint: u_activity_counter/activity_timer_reg[0][2]
               (rising edge-triggered flip-flop clocked by clk)
  Path Group: clk
  Path Type: min

  Point                                                   Incr       Path
  ------------------------------------------------------------------------------
  clock clk (rise edge)                                   0.00       0.00
  clock network delay (ideal)                             0.23       0.23
  u_activity_counter/activity_timer_reg[0][2]/CP (DFCNQD1BWP20P90)
                                                          0.00       0.23 r
  u_activity_counter/activity_timer_reg[0][2]/Q (DFCNQD1BWP20P90)
                                                          0.05 &     0.28 f
  u_activity_counter/U237/ZN (INVD1BWP20P90)              0.01 &     0.29 r
  u_activity_counter/U150/ZN (OAI32D1BWP20P90)            0.01 &     0.29 f
  u_activity_counter/activity_timer_reg[0][2]/D (DFCNQD1BWP20P90)
                                                          0.00 &     0.29 f
  data arrival time                                                  0.29

  clock clk (rise edge)                                   0.00       0.00
  clock network delay (ideal)                             0.23       0.23
  clock reconvergence pessimism                           0.00       0.23
  clock uncertainty                                       0.05       0.28
  u_activity_counter/activity_timer_reg[0][2]/CP (DFCNQD1BWP20P90)
                                                                     0.28 r
  library hold time                                       0.01       0.29
  data required time                                                 0.29
  ------------------------------------------------------------------------------
  data required time                                                 0.29
  data arrival time                                                 -0.29
  ------------------------------------------------------------------------------
  slack (VIOLATED: increase significant digits)                     -0.00


  Startpoint: u_activity_counter/activity_timer_reg[0][0]
               (rising edge-triggered flip-flop clocked by clk)
  Endpoint: u_activity_counter/activity_timer_reg[0][0]
               (rising edge-triggered flip-flop clocked by clk)
  Path Group: clk
  Path Type: min

  Point                                                   Incr       Path
  ------------------------------------------------------------------------------
  clock clk (rise edge)                                   0.00       0.00
  clock network delay (ideal)                             0.23       0.23
  u_activity_counter/activity_timer_reg[0][0]/CP (DFCNQD1BWP20P90)
                                                          0.00       0.23 r
  u_activity_counter/activity_timer_reg[0][0]/Q (DFCNQD1BWP20P90)
                                                          0.05 &     0.28 r
  u_activity_counter/U199/ZN (OAI22D1BWP20P90)            0.01 &     0.29 f
  u_activity_counter/activity_timer_reg[0][0]/D (DFCNQD1BWP20P90)
                                                          0.00 &     0.29 f
  data arrival time                                                  0.29

  clock clk (rise edge)                                   0.00       0.00
  clock network delay (ideal)                             0.23       0.23
  clock reconvergence pessimism                           0.00       0.23
  clock uncertainty                                       0.05       0.28
  u_activity_counter/activity_timer_reg[0][0]/CP (DFCNQD1BWP20P90)
                                                                     0.28 r
  library hold time                                       0.01       0.29
  data required time                                                 0.29
  ------------------------------------------------------------------------------
  data required time                                                 0.29
  data arrival time                                                 -0.29
  ------------------------------------------------------------------------------
  slack (VIOLATED: increase significant digits)                     -0.00


  Startpoint: u_activity_counter/activity_timer_reg[2][2]
               (rising edge-triggered flip-flop clocked by clk)
  Endpoint: u_activity_counter/activity_timer_reg[2][2]
               (rising edge-triggered flip-flop clocked by clk)
  Path Group: clk
  Path Type: min

  Point                                                   Incr       Path
  ------------------------------------------------------------------------------
  clock clk (rise edge)                                   0.00       0.00
  clock network delay (ideal)                             0.23       0.23
  u_activity_counter/activity_timer_reg[2][2]/CP (DFCNQD1BWP20P90)
                                                          0.00       0.23 r
  u_activity_counter/activity_timer_reg[2][2]/Q (DFCNQD1BWP20P90)
                                                          0.05 &     0.28 f
  u_activity_counter/U242/ZN (INVD1BWP20P90)              0.01 &     0.29 r
  u_activity_counter/U158/ZN (OAI32D1BWP20P90)            0.01 &     0.29 f
  u_activity_counter/activity_timer_reg[2][2]/D (DFCNQD1BWP20P90)
                                                          0.00 &     0.29 f
  data arrival time                                                  0.29

  clock clk (rise edge)                                   0.00       0.00
  clock network delay (ideal)                             0.23       0.23
  clock reconvergence pessimism                           0.00       0.23
  clock uncertainty                                       0.05       0.28
  u_activity_counter/activity_timer_reg[2][2]/CP (DFCNQD1BWP20P90)
                                                                     0.28 r
  library hold time                                       0.01       0.29
  data required time                                                 0.29
  ------------------------------------------------------------------------------
  data required time                                                 0.29
  data arrival time                                                 -0.29
  ------------------------------------------------------------------------------
  slack (VIOLATED: increase significant digits)                     -0.00


  Startpoint: u_activity_counter/idle_counter_reg[2][1]
               (rising edge-triggered flip-flop clocked by clk)
  Endpoint: u_activity_counter/idle_counter_reg[2][1]
               (rising edge-triggered flip-flop clocked by clk)
  Path Group: clk
  Path Type: min

  Point                                                   Incr       Path
  ------------------------------------------------------------------------------
  clock clk (rise edge)                                   0.00       0.00
  clock network delay (ideal)                             0.23       0.23
  u_activity_counter/idle_counter_reg[2][1]/CP (DFCNQD1BWP20P90)
                                                          0.00       0.23 r
  u_activity_counter/idle_counter_reg[2][1]/Q (DFCNQD1BWP20P90)
                                                          0.05 &     0.28 r
  u_activity_counter/U30/ZN (OAI21D1BWP20P90)             0.01 &     0.29 f
  u_activity_counter/idle_counter_reg[2][1]/D (DFCNQD1BWP20P90)
                                                          0.00 &     0.29 f
  data arrival time                                                  0.29

  clock clk (rise edge)                                   0.00       0.00
  clock network delay (ideal)                             0.23       0.23
  clock reconvergence pessimism                           0.00       0.23
  clock uncertainty                                       0.05       0.28
  u_activity_counter/idle_counter_reg[2][1]/CP (DFCNQD1BWP20P90)     0.28 r
  library hold time                                       0.01       0.29
  data required time                                                 0.29
  ------------------------------------------------------------------------------
  data required time                                                 0.29
  data arrival time                                                 -0.29
  ------------------------------------------------------------------------------
  slack (VIOLATED: increase significant digits)                     -0.00


  Startpoint: u_activity_counter/activity_timer_reg[2][3]
               (rising edge-triggered flip-flop clocked by clk)
  Endpoint: u_activity_counter/activity_timer_reg[2][3]
               (rising edge-triggered flip-flop clocked by clk)
  Path Group: clk
  Path Type: min

  Point                                                   Incr       Path
  ------------------------------------------------------------------------------
  clock clk (rise edge)                                   0.00       0.00
  clock network delay (ideal)                             0.23       0.23
  u_activity_counter/activity_timer_reg[2][3]/CP (DFCNQD1BWP20P90)
                                                          0.00       0.23 r
  u_activity_counter/activity_timer_reg[2][3]/Q (DFCNQD1BWP20P90)
                                                          0.05 &     0.28 f
  u_activity_counter/U213/ZN (AOI21D1BWP20P90)            0.01 &     0.29 r
  u_activity_counter/U192/ZN (NR2D1BWP20P90)              0.01 &     0.29 f
  u_activity_counter/activity_timer_reg[2][3]/D (DFCNQD1BWP20P90)
                                                          0.00 &     0.29 f
  data arrival time                                                  0.29

  clock clk (rise edge)                                   0.00       0.00
  clock network delay (ideal)                             0.23       0.23
  clock reconvergence pessimism                           0.00       0.23
  clock uncertainty                                       0.05       0.28
  u_activity_counter/activity_timer_reg[2][3]/CP (DFCNQD1BWP20P90)
                                                                     0.28 r
  library hold time                                       0.01       0.29
  data required time                                                 0.29
  ------------------------------------------------------------------------------
  data required time                                                 0.29
  data arrival time                                                 -0.29
  ------------------------------------------------------------------------------
  slack (VIOLATED: increase significant digits)                     -0.00


  Startpoint: u_activity_counter/activity_timer_reg[0][3]
               (rising edge-triggered flip-flop clocked by clk)
  Endpoint: u_activity_counter/activity_timer_reg[0][3]
               (rising edge-triggered flip-flop clocked by clk)
  Path Group: clk
  Path Type: min

  Point                                                   Incr       Path
  ------------------------------------------------------------------------------
  clock clk (rise edge)                                   0.00       0.00
  clock network delay (ideal)                             0.23       0.23
  u_activity_counter/activity_timer_reg[0][3]/CP (DFCNQD1BWP20P90)
                                                          0.00       0.23 r
  u_activity_counter/activity_timer_reg[0][3]/Q (DFCNQD1BWP20P90)
                                                          0.05 &     0.28 f
  u_activity_counter/U220/ZN (AOI21D1BWP20P90)            0.01 &     0.29 r
  u_activity_counter/U189/ZN (NR2D1BWP20P90)              0.01 &     0.29 f
  u_activity_counter/activity_timer_reg[0][3]/D (DFCNQD1BWP20P90)
                                                          0.00 &     0.29 f
  data arrival time                                                  0.29

  clock clk (rise edge)                                   0.00       0.00
  clock network delay (ideal)                             0.23       0.23
  clock reconvergence pessimism                           0.00       0.23
  clock uncertainty                                       0.05       0.28
  u_activity_counter/activity_timer_reg[0][3]/CP (DFCNQD1BWP20P90)
                                                                     0.28 r
  library hold time                                       0.01       0.29
  data required time                                                 0.29
  ------------------------------------------------------------------------------
  data required time                                                 0.29
  data arrival time                                                 -0.29
  ------------------------------------------------------------------------------
  slack (VIOLATED: increase significant digits)                     -0.00


1
